#
# A fatal error has been detected by the Java Runtime Environment:
#
#  EXCEPTION_ACCESS_VIOLATION (0xc0000005) at pc=0xffffffffa3515120, pid=12048, tid=0x0000000000002560
#
# JRE version: Java(TM) SE Runtime Environment (8.0_211-b12) (build 1.8.0_211-b12)
# Java VM: Java HotSpot(TM) 64-Bit Server VM (25.211-b12 mixed mode windows-amd64 compressed oops)
# Problematic frame:
# C  0xffffffffa3515120
#
# Failed to write core dump. Minidumps are not enabled by default on client versions of Windows
#
# If you would like to submit a bug report, please visit:
#   http://bugreport.java.com/bugreport/crash.jsp
#

---------------  T H R E A D  ---------------

Current thread (0x00000000161ce800):  JavaThread "AWT-EventQueue-0" [_thread_in_Java, id=9568, stack(0x000000001a2e0000,0x000000001a3e0000)]

siginfo: ExceptionCode=0xc0000005, ExceptionInformation=0x0000000000000008 0xffffffffa3515120

Registers:
RAX=0x000000001ad0f0c0, RBX=0x000000001ad0f0c0, RCX=0x00000000eb054448, RDX=0x00000000eb054448
RSP=0x000000001a3dbad8, RBP=0x000000001a3dbb48, RSI=0x00000000000008eb, RDI=0x0000000000000108
R8 =0x00000000000008ea, R9 =0x0000000019b0b440, R10=0x00000000688c76a0, R11=0x000000000279e040
R12=0x0000000000000000, R13=0x000000001a3dbaf0, R14=0x000000001ad10348, R15=0x00000000161ce800
RIP=0xffffffffa3515120, EFLAGS=0x0000000000010202

Top of Stack: (sp=0x000000001a3dbad8)
0x000000001a3dbad8:   0000000002517ae0 000000001a3dbb48
0x000000001a3dbae8:   0000000002517ae0 00000000000008ea
0x000000001a3dbaf8:   00000000eb054448 00000000eb051b30
0x000000001a3dbb08:   000000001a3dbb08 000000001ad0f151
0x000000001a3dbb18:   000000001a3dbb58 000000001ad0f9f8
0x000000001a3dbb28:   000000001ad10348 000000001ad0f158
0x000000001a3dbb38:   000000001a3dbaf0 000000001a3dbb58
0x000000001a3dbb48:   000000001a3dbbb0 0000000002517940
0x000000001a3dbb58:   00000000eb054448 000000000000065a
0x000000001a3dbb68:   00000000eb0549e0 000000001a3dbb70
0x000000001a3dbb78:   000000001ad0e24b 000000001a3dbc08
0x000000001a3dbb88:   000000001ad0e410 0000000000000000
0x000000001a3dbb98:   000000001ad0e258 000000001a3dbb58
0x000000001a3dbba8:   000000001a3dbbf0 000000001a3dbc58
0x000000001a3dbbb8:   000000000251809d 000000000000065a
0x000000001a3dbbc8:   0000000000000713 0000000000000290 

Instructions: (pc=0xffffffffa3515120)
0xffffffffa3515100:   
[error occurred during error reporting (printing registers, top of stack, instructions near pc), id 0xc0000005]

Register to memory mapping:

RAX={method} {0x000000001ad0f0c8} 'ix' '(I)I' in 'java/nio/ByteBufferAsCharBufferB'
RBX={method} {0x000000001ad0f0c8} 'ix' '(I)I' in 'java/nio/ByteBufferAsCharBufferB'
RCX=0x00000000eb054448 is an oop
java.nio.ByteBufferAsCharBufferB 
 - klass: 'java/nio/ByteBufferAsCharBufferB'
RDX=0x00000000eb054448 is an oop
java.nio.ByteBufferAsCharBufferB 
 - klass: 'java/nio/ByteBufferAsCharBufferB'
RSP=0x000000001a3dbad8 is pointing into the stack for thread: 0x00000000161ce800
RBP=0x000000001a3dbb48 is pointing into the stack for thread: 0x00000000161ce800
RSI=0x00000000000008eb is an unknown value
RDI=0x0000000000000108 is an unknown value
R8 =0x00000000000008ea is an unknown value
R9 =0x0000000019b0b440 is an unknown value
R10=0x00000000688c76a0 is an unknown value
R11=0x000000000279e040 is at entry_point+32 in (nmethod*)0x000000000279ded0
R12=0x0000000000000000 is an unknown value
R13=0x000000001a3dbaf0 is pointing into the stack for thread: 0x00000000161ce800
R14=0x000000001ad10348 is pointing into metadata
R15=0x00000000161ce800 is a thread


Stack: [0x000000001a2e0000,0x000000001a3e0000],  sp=0x000000001a3dbad8,  free space=1006k
Native frames: (J=compiled Java code, j=interpreted, Vv=VM code, C=native code)
C  0xffffffffa3515120


---------------  P R O C E S S  ---------------

Java Threads: ( => current thread )
  0x0000000019bfb000 JavaThread "D3D Screen Updater" daemon [_thread_blocked, id=11600, stack(0x000000001a670000,0x000000001a770000)]
=>0x00000000161ce800 JavaThread "AWT-EventQueue-0" [_thread_in_Java, id=9568, stack(0x000000001a2e0000,0x000000001a3e0000)]
  0x0000000016182000 JavaThread "AWT-Windows" daemon [_thread_in_native, id=12280, stack(0x0000000016510000,0x0000000016610000)]
  0x0000000016181000 JavaThread "AWT-Shutdown" [_thread_blocked, id=10660, stack(0x0000000016410000,0x0000000016510000)]
  0x0000000016180000 JavaThread "Java2D Disposer" daemon [_thread_blocked, id=5164, stack(0x0000000016310000,0x0000000016410000)]
  0x00000000149fd800 JavaThread "Service Thread" daemon [_thread_blocked, id=7416, stack(0x0000000015bd0000,0x0000000015cd0000)]
  0x00000000149f6800 JavaThread "C1 CompilerThread1" daemon [_thread_blocked, id=9556, stack(0x0000000015ad0000,0x0000000015bd0000)]
  0x000000001499a800 JavaThread "C2 CompilerThread0" daemon [_thread_blocked, id=4296, stack(0x00000000159d0000,0x0000000015ad0000)]
  0x0000000014999000 JavaThread "Attach Listener" daemon [_thread_blocked, id=5080, stack(0x00000000158d0000,0x00000000159d0000)]
  0x0000000014996000 JavaThread "Signal Dispatcher" daemon [_thread_blocked, id=10592, stack(0x00000000157d0000,0x00000000158d0000)]
  0x0000000014988800 JavaThread "Finalizer" daemon [_thread_blocked, id=7484, stack(0x00000000155d0000,0x00000000156d0000)]
  0x00000000024ff800 JavaThread "Reference Handler" daemon [_thread_blocked, id=7436, stack(0x00000000154d0000,0x00000000155d0000)]
  0x0000000002412800 JavaThread "main" [_thread_in_Java, id=3884, stack(0x0000000002170000,0x0000000002270000)]

Other Threads:
  0x0000000014965800 VMThread [stack: 0x00000000153d0000,0x00000000154d0000] [id=10680]
  0x0000000014a24000 WatcherThread [stack: 0x0000000015cd0000,0x0000000015dd0000] [id=4200]

VM state:not at safepoint (normal execution)

VM Mutex/Monitor currently owned by a thread: None

heap address: 0x00000000c0000000, size: 1024 MB, Compressed Oops mode: 32-bit
Narrow klass base: 0x0000000000000000, Narrow klass shift: 3
Compressed class space size: 1073741824 Address: 0x0000000100000000

Heap:
 PSYoungGen      total 18944K, used 10053K [0x00000000eab00000, 0x00000000ec000000, 0x0000000100000000)
  eden space 16384K, 61% used [0x00000000eab00000,0x00000000eb4d1648,0x00000000ebb00000)
  from space 2560K, 0% used [0x00000000ebd80000,0x00000000ebd80000,0x00000000ec000000)
  to   space 2560K, 0% used [0x00000000ebb00000,0x00000000ebb00000,0x00000000ebd80000)
 ParOldGen       total 44032K, used 0K [0x00000000c0000000, 0x00000000c2b00000, 0x00000000eab00000)
  object space 44032K, 0% used [0x00000000c0000000,0x00000000c0000000,0x00000000c2b00000)
 Metaspace       used 9281K, capacity 9526K, committed 9728K, reserved 1058816K
  class space    used 1136K, capacity 1232K, committed 1280K, reserved 1048576K

Card table byte_map: [0x00000000118d0000,0x0000000011ae0000] byte_map_base: 0x00000000112d0000

Marking Bits: (ParMarkBitMap*) 0x00000000688e5ce0
 Begin Bits: [0x0000000011e40000, 0x0000000012e40000)
 End Bits:   [0x0000000012e40000, 0x0000000013e40000)

Polling page: 0x00000000020e0000

CodeCache: size=245760Kb used=2618Kb max_used=2618Kb free=243141Kb
 bounds [0x0000000002510000, 0x00000000027a0000, 0x0000000011510000]
 total_blobs=1129 nmethods=667 adapters=377
 compilation: enabled

Compilation events (10 events):
Event: 1.060 Thread 0x00000000149f6800  662       3       java.nio.Bits::getCharB (16 bytes)
Event: 1.060 Thread 0x00000000149f6800 nmethod 662 0x000000000279d910 code [0x000000000279da80, 0x000000000279ddd8]
Event: 1.060 Thread 0x00000000149f6800  665       3       java.nio.ByteBufferAsCharBufferB::ix (9 bytes)
Event: 1.060 Thread 0x00000000149f6800 nmethod 665 0x000000000279ded0 code [0x000000000279e020, 0x000000000279e170]
Event: 1.060 Thread 0x00000000149f6800  663       3       java.nio.Bits::makeChar (12 bytes)
Event: 1.060 Thread 0x00000000149f6800 nmethod 663 0x000000000279e1d0 code [0x000000000279e320, 0x000000000279e470]
Event: 1.060 Thread 0x00000000149f6800  666       1       java.nio.ByteBufferAsCharBufferB::ix (9 bytes)
Event: 1.060 Thread 0x00000000149f6800 nmethod 666 0x000000000279e4d0 code [0x000000000279e620, 0x000000000279e730]
Event: 1.060 Thread 0x00000000149f6800  664       3       java.nio.ByteBufferAsCharBufferB::get (16 bytes)
Event: 1.061 Thread 0x00000000149f6800 nmethod 664 0x000000000279e790 code [0x000000000279e940, 0x000000000279ef28]

GC Heap History (0 events):
No events

Deoptimization events (0 events):
No events

Classes redefined (0 events):
No events

Internal exceptions (10 events):
Event: 0.241 Thread 0x0000000002412800 Exception <a 'java/security/PrivilegedActionException'> (0x00000000eac1e968) thrown at [C:\re\workspace\8-2-build-windows-amd64-cygwin\jdk8u211\12973\hotspot\src\share\vm\prims\jvm.cpp, line 1502]
Event: 0.241 Thread 0x0000000002412800 Exception <a 'java/security/PrivilegedActionException'> (0x00000000eac1eb78) thrown at [C:\re\workspace\8-2-build-windows-amd64-cygwin\jdk8u211\12973\hotspot\src\share\vm\prims\jvm.cpp, line 1502]
Event: 0.242 Thread 0x0000000002412800 Exception <a 'java/security/PrivilegedActionException'> (0x00000000eac227e8) thrown at [C:\re\workspace\8-2-build-windows-amd64-cygwin\jdk8u211\12973\hotspot\src\share\vm\prims\jvm.cpp, line 1502]
Event: 0.242 Thread 0x0000000002412800 Exception <a 'java/security/PrivilegedActionException'> (0x00000000eac229f8) thrown at [C:\re\workspace\8-2-build-windows-amd64-cygwin\jdk8u211\12973\hotspot\src\share\vm\prims\jvm.cpp, line 1502]
Event: 0.262 Thread 0x0000000002412800 Exception <a 'java/io/FileNotFoundException'> (0x00000000eac24c20) thrown at [C:\re\workspace\8-2-build-windows-amd64-cygwin\jdk8u211\12973\hotspot\src\share\vm\prims\jni.cpp, line 710]
Event: 0.321 Thread 0x0000000002412800 Exception <a 'java/lang/NoSuchFieldError': method resolution failed> (0x00000000eacf53e0) thrown at [C:\re\workspace\8-2-build-windows-amd64-cygwin\jdk8u211\12973\hotspot\src\share\vm\prims\methodHandles.cpp, line 1167]
Event: 0.331 Thread 0x0000000002412800 Exception <a 'java/lang/NoSuchFieldError': method resolution failed> (0x00000000ead027b0) thrown at [C:\re\workspace\8-2-build-windows-amd64-cygwin\jdk8u211\12973\hotspot\src\share\vm\prims\methodHandles.cpp, line 1167]
Event: 0.407 Thread 0x0000000002412800 Exception <a 'java/io/FileNotFoundException'> (0x00000000ead9aa60) thrown at [C:\re\workspace\8-2-build-windows-amd64-cygwin\jdk8u211\12973\hotspot\src\share\vm\prims\jni.cpp, line 710]
Event: 0.783 Thread 0x0000000002412800 Exception <a 'java/security/PrivilegedActionException'> (0x00000000eaf9d1f0) thrown at [C:\re\workspace\8-2-build-windows-amd64-cygwin\jdk8u211\12973\hotspot\src\share\vm\prims\jvm.cpp, line 1502]
Event: 0.783 Thread 0x0000000002412800 Exception <a 'java/security/PrivilegedActionException'> (0x00000000eaf9d400) thrown at [C:\re\workspace\8-2-build-windows-amd64-cygwin\jdk8u211\12973\hotspot\src\share\vm\prims\jvm.cpp, line 1502]

Events (10 events):
Event: 1.059 loading class sun/font/TrueTypeGlyphMapper
Event: 1.059 loading class sun/font/TrueTypeGlyphMapper done
Event: 1.059 loading class sun/font/CMap
Event: 1.059 loading class sun/font/CMap done
Event: 1.059 loading class sun/font/CMap$NullCMapClass
Event: 1.059 loading class sun/font/CMap$NullCMapClass done
Event: 1.059 loading class sun/font/CMap$CMapFormat4
Event: 1.059 loading class sun/font/CMap$CMapFormat4 done
Event: 1.059 loading class java/nio/ByteBufferAsCharBufferB
Event: 1.059 loading class java/nio/ByteBufferAsCharBufferB done


Dynamic libraries:
0x00007ff7fb760000 - 0x00007ff7fb797000 	C:\Program Files\Java\jre1.8.0_211\bin\javaw.exe
0x00007ffbc74f0000 - 0x00007ffbc76e5000 	C:\WINDOWS\SYSTEM32\ntdll.dll
0x00007ffbc56e0000 - 0x00007ffbc579d000 	C:\WINDOWS\System32\KERNEL32.DLL
0x00007ffbc4e90000 - 0x00007ffbc5158000 	C:\WINDOWS\System32\KERNELBASE.dll
0x00007ffbc63c0000 - 0x00007ffbc646c000 	C:\WINDOWS\System32\ADVAPI32.dll
0x00007ffbc6470000 - 0x00007ffbc650e000 	C:\WINDOWS\System32\msvcrt.dll
0x00007ffbc6d30000 - 0x00007ffbc6dcb000 	C:\WINDOWS\System32\sechost.dll
0x00007ffbc7240000 - 0x00007ffbc736b000 	C:\WINDOWS\System32\RPCRT4.dll
0x00007ffbc6220000 - 0x00007ffbc63c0000 	C:\WINDOWS\System32\USER32.dll
0x00007ffbc54f0000 - 0x00007ffbc5512000 	C:\WINDOWS\System32\win32u.dll
0x00007ffbc5550000 - 0x00007ffbc557a000 	C:\WINDOWS\System32\GDI32.dll
0x00007ffbc5330000 - 0x00007ffbc543b000 	C:\WINDOWS\System32\gdi32full.dll
0x00007ffbc4c30000 - 0x00007ffbc4ccd000 	C:\WINDOWS\System32\msvcp_win.dll
0x00007ffbc5230000 - 0x00007ffbc5330000 	C:\WINDOWS\System32\ucrtbase.dll
0x00007ffbbbe80000 - 0x00007ffbbc11a000 	C:\WINDOWS\WinSxS\amd64_microsoft.windows.common-controls_6595b64144ccf1df_6.0.19041.844_none_ca00b6081b84eb1d\COMCTL32.dll
0x00007ffbc5d60000 - 0x00007ffbc5d90000 	C:\WINDOWS\System32\IMM32.DLL
0x0000000067ee0000 - 0x0000000067fb2000 	C:\Program Files\Java\jre1.8.0_211\bin\msvcr100.dll
0x00000000680c0000 - 0x0000000068965000 	C:\Program Files\Java\jre1.8.0_211\bin\server\jvm.dll
0x00007ffbc5580000 - 0x00007ffbc5588000 	C:\WINDOWS\System32\PSAPI.DLL
0x00007ffbad670000 - 0x00007ffbad679000 	C:\WINDOWS\SYSTEM32\WSOCK32.dll
0x00007ffbc7370000 - 0x00007ffbc73db000 	C:\WINDOWS\System32\WS2_32.dll
0x00007ffbbc200000 - 0x00007ffbbc227000 	C:\WINDOWS\SYSTEM32\WINMM.dll
0x00007ffbbc140000 - 0x00007ffbbc14a000 	C:\WINDOWS\SYSTEM32\VERSION.dll
0x00007ffbbe8b0000 - 0x00007ffbbe8bf000 	C:\Program Files\Java\jre1.8.0_211\bin\verify.dll
0x00007ffbb95d0000 - 0x00007ffbb95f9000 	C:\Program Files\Java\jre1.8.0_211\bin\java.dll
0x00007ffbb7000000 - 0x00007ffbb7016000 	C:\Program Files\Java\jre1.8.0_211\bin\zip.dll
0x00007ffbc65e0000 - 0x00007ffbc6d22000 	C:\WINDOWS\System32\SHELL32.dll
0x00007ffbc2da0000 - 0x00007ffbc3530000 	C:\WINDOWS\SYSTEM32\windows.storage.dll
0x00007ffbc5d90000 - 0x00007ffbc60e5000 	C:\WINDOWS\System32\combase.dll
0x00007ffbc46a0000 - 0x00007ffbc46cc000 	C:\WINDOWS\SYSTEM32\Wldp.dll
0x00007ffbc5bc0000 - 0x00007ffbc5c6e000 	C:\WINDOWS\System32\SHCORE.dll
0x00007ffbc7450000 - 0x00007ffbc74a5000 	C:\WINDOWS\System32\shlwapi.dll
0x00007ffbc4b70000 - 0x00007ffbc4b8f000 	C:\WINDOWS\SYSTEM32\profapi.dll
0x00007ffb7f1a0000 - 0x00007ffb7f339000 	C:\Program Files\Java\jre1.8.0_211\bin\awt.dll
0x00007ffbc6510000 - 0x00007ffbc65dd000 	C:\WINDOWS\System32\OLEAUT32.dll
0x00007ffbc25b0000 - 0x00007ffbc2640000 	C:\WINDOWS\SYSTEM32\apphelp.dll
0x00007ffbc28b0000 - 0x00007ffbc28df000 	C:\WINDOWS\system32\DWMAPI.DLL
0x00007ffbc26e0000 - 0x00007ffbc277e000 	C:\WINDOWS\system32\uxtheme.dll
0x00007ffb994f0000 - 0x00007ffb99616000 	C:\WINDOWS\system32\opengl32.dll
0x00007ffbb0dd0000 - 0x00007ffbb0dfc000 	C:\WINDOWS\SYSTEM32\GLU32.dll
0x00007ffbc58f0000 - 0x00007ffbc5a05000 	C:\WINDOWS\System32\MSCTF.dll
0x00007ffbc57a0000 - 0x00007ffbc58ca000 	C:\WINDOWS\System32\ole32.dll
0x00007ffbc2ba0000 - 0x00007ffbc2bb2000 	C:\WINDOWS\SYSTEM32\kernel.appcore.dll
0x00007ffbc51b0000 - 0x00007ffbc5230000 	C:\WINDOWS\System32\bcryptPrimitives.dll
0x00007ffba7610000 - 0x00007ffba77de000 	C:\WINDOWS\system32\d3d9.dll
0x00007ffbb3560000 - 0x00007ffbb36c7000 	C:\WINDOWS\SYSTEM32\aticfx64.dll
0x00007ffb82190000 - 0x00007ffb821b1000 	C:\WINDOWS\SYSTEM32\atiu9p64.dll
0x00007ffb81930000 - 0x00007ffb82189000 	C:\WINDOWS\SYSTEM32\atiumd64.dll
0x0000000068970000 - 0x00000000691f8000 	C:\WINDOWS\SYSTEM32\atiumd6a.dll
0x00007ffbc4220000 - 0x00007ffbc426b000 	C:\WINDOWS\SYSTEM32\POWRPROF.dll
0x00007ffbc4090000 - 0x00007ffbc40a2000 	C:\WINDOWS\SYSTEM32\UMPDC.dll
0x00007ffbb0d30000 - 0x00007ffbb0d79000 	C:\Program Files\Java\jre1.8.0_211\bin\fontmanager.dll
0x00007ffbb57a0000 - 0x00007ffbb5899000 	C:\WINDOWS\SYSTEM32\textinputframework.dll
0x00007ffbc2150000 - 0x00007ffbc24ae000 	C:\WINDOWS\System32\CoreUIComponents.dll
0x00007ffbc24b0000 - 0x00007ffbc25a2000 	C:\WINDOWS\System32\CoreMessaging.dll
0x00007ffbc3970000 - 0x00007ffbc39a3000 	C:\WINDOWS\SYSTEM32\ntmarta.dll
0x00007ffbc1b20000 - 0x00007ffbc1c74000 	C:\WINDOWS\SYSTEM32\wintypes.dll
0x00007ffbb6e40000 - 0x00007ffbb6e5a000 	C:\Program Files\Java\jre1.8.0_211\bin\net.dll
0x00007ffbba970000 - 0x00007ffbbab5e000 	C:\WINDOWS\SYSTEM32\urlmon.dll
0x00007ffbba200000 - 0x00007ffbba4b0000 	C:\WINDOWS\SYSTEM32\iertutil.dll
0x00007ffbc4410000 - 0x00007ffbc447a000 	C:\WINDOWS\system32\mswsock.dll
0x00007ffbb6a20000 - 0x00007ffbb6a32000 	C:\Program Files\Java\jre1.8.0_211\bin\nio.dll
0x00007ffbae730000 - 0x00007ffbae772000 	C:\Program Files\Java\jre1.8.0_211\bin\t2k.dll
0x00007ffbbf290000 - 0x00007ffbbf474000 	C:\WINDOWS\SYSTEM32\dbghelp.dll

VM Arguments:
jvm_args: -Dfile.encoding=Cp1252 
java_command: Main
java_class_path (initial): C:\Program Files\Java\jre1.8.0_211\lib\resources.jar;C:\Program Files\Java\jre1.8.0_211\lib\rt.jar;C:\Program Files\Java\jre1.8.0_211\lib\jsse.jar;C:\Program Files\Java\jre1.8.0_211\lib\jce.jar;C:\Program Files\Java\jre1.8.0_211\lib\charsets.jar;C:\Program Files\Java\jre1.8.0_211\lib\jfr.jar;C:\Program Files\Java\jre1.8.0_211\lib\ext\access-bridge-64.jar;C:\Program Files\Java\jre1.8.0_211\lib\ext\BreezySwing.jar;C:\Program Files\Java\jre1.8.0_211\lib\ext\cldrdata.jar;C:\Program Files\Java\jre1.8.0_211\lib\ext\dnsns.jar;C:\Program Files\Java\jre1.8.0_211\lib\ext\jaccess.jar;C:\Program Files\Java\jre1.8.0_211\lib\ext\jfxrt.jar;C:\Program Files\Java\jre1.8.0_211\lib\ext\localedata.jar;C:\Program Files\Java\jre1.8.0_211\lib\ext\nashorn.jar;C:\Program Files\Java\jre1.8.0_211\lib\ext\sunec.jar;C:\Program Files\Java\jre1.8.0_211\lib\ext\sunjce_provider.jar;C:\Program Files\Java\jre1.8.0_211\lib\ext\sunmscapi.jar;C:\Program Files\Java\jre1.8.0_211\lib\ext\sunpkcs11.jar;C:\Program Files\Java\jre1.8.0_211\lib\ext\zipfs.jar;C:\Users\andrew\Desktop\CS\APSCA Projects\Chess\src;C:\Program Files\Eclipse\eclipse-java-photon-R-win32-x86_64\plugins\org.junit.jupiter.api_5.1.0.v20180327-1502.jar;C:\Program Files\Eclipse\eclipse-java-photon-R-win32-x86_64\plugins\org.junit.jupiter.engine_5.1.0.v20180327-1502.jar;C:\Program Files\Eclipse\eclipse-java-photon-R-win32-x86_64\plugins\org.junit.jupiter.migrationsupport_5.1.0.v20180327-1502.jar;C:\Program Files\Eclipse\eclipse-java-photon-R-win32-x86_64\plugins\org.junit.jupiter.params_5.1.0.v20180327-1502.jar;C:\Program Files\Eclipse\eclipse-java-photon-R-win32-x86_64\plugins\org.junit.platform.commons_1.1.0.v20180327-1502.jar;C:\Program Files\Eclipse\eclipse-java-photon-R-win32-x86_64\plugins\org.junit.platform.engine_1.1.0.v20180327-1502.jar;C:\Program Files\Eclipse\eclipse-java-photon-R-win32-x86_64\plugins\org.junit.platform.launcher_1.1.0.v20180327-1502.jar;C:\Program Files\Eclipse\eclipse-java-photon-R-win3
Launcher Type: SUN_STANDARD

Environment Variables:
PATH=C:/Program Files/Java/jre1.8.0_211/bin/server;C:/Program Files/Java/jre1.8.0_211/bin;C:/Program Files/Java/jre1.8.0_211/lib/amd64;C:\Program Files\Python37\Scripts\;C:\Program Files\Python37\;C:\Program Files (x86)\Common Files\Oracle\Java\javapath;C:\Program Files (x86)\Python37-32\Scripts\;C:\Program Files (x86)\Python37-32\;C:\WINDOWS\system32;C:\WINDOWS;C:\WINDOWS\System32\Wbem;C:\WINDOWS\System32\WindowsPowerShell\v1.0\;C:\WINDOWS\System32\OpenSSH\;C:\Program Files (x86)\ATI Technologies\ATI.ACE\Core-Static;C:\Program Files\Git\cmd;C:\Users\andrew\AppData\Local\Microsoft\WindowsApps;C:\Users\andrew\AppData\Local\Programs\Microsoft VS Code\bin;C:\src\flutter\bin;C:\Program Files\Git\bin\git.exe;C:\Program Files\Git\cmd;;C:\Program Files\Eclipse\eclipse-java-photon-R-win32-x86_64;
USERNAME=andrew
OS=Windows_NT
PROCESSOR_IDENTIFIER=Intel64 Family 6 Model 23 Stepping 10, GenuineIntel



---------------  S Y S T E M  ---------------

OS: Windows 10.0 , 64 bit Build 19041 (10.0.19041.928)

CPU:total 2 (initial active 2) (2 cores per cpu, 1 threads per core) family 6 model 23 stepping 10, cmov, cx8, fxsr, mmx, sse, sse2, sse3, ssse3, sse4.1, tsc

Memory: 4k page, physical 4193516k(578696k free), swap 14022768k(5114248k free)

vm_info: Java HotSpot(TM) 64-Bit Server VM (25.211-b12) for windows-amd64 JRE (1.8.0_211-b12), built on Apr  1 2019 20:53:26 by "java_re" with MS VC++ 10.0 (VS2010)

time: Thu Jun 10 22:13:39 2021
timezone: Eastern Daylight Time
elapsed time: 1 seconds (0d 0h 0m 1s)

