#
# A fatal error has been detected by the Java Runtime Environment:
#
#  EXCEPTION_ACCESS_VIOLATION (0xc0000005) at pc=0xffffffffa3505120, pid=12720, tid=0x0000000000002f00
#
# JRE version: Java(TM) SE Runtime Environment (8.0_211-b12) (build 1.8.0_211-b12)
# Java VM: Java HotSpot(TM) 64-Bit Server VM (25.211-b12 mixed mode windows-amd64 compressed oops)
# Problematic frame:
# C  0xffffffffa3505120
#
# Failed to write core dump. Minidumps are not enabled by default on client versions of Windows
#
# If you would like to submit a bug report, please visit:
#   http://bugreport.java.com/bugreport/crash.jsp
#

---------------  T H R E A D  ---------------

Current thread (0x000000001610c000):  JavaThread "AWT-EventQueue-0" [_thread_in_Java, id=12032, stack(0x000000001a3b0000,0x000000001a4b0000)]

siginfo: ExceptionCode=0xc0000005, ExceptionInformation=0x0000000000000008 0xffffffffa3505120

Registers:
RAX=0x0000000014172128, RBX=0x0000000014172128, RCX=0x00000000eb04f030, RDX=0x00000000eb04f030
RSP=0x000000001a4abab8, RBP=0x000000001a4abb18, RSI=0x00000000000001e9, RDI=0x0000000000000108
R8 =0x0000000000001838, R9 =0x000000001615a260, R10=0x00000000688c76a0, R11=0x000000000277f5c0
R12=0x0000000000000000, R13=0x000000001a4abac8, R14=0x0000000000000000, R15=0x000000001610c000
RIP=0xffffffffa3505120, EFLAGS=0x0000000000010206

Top of Stack: (sp=0x000000001a4abab8)
0x000000001a4abab8:   00000000025077a0 00000000025077a0
0x000000001a4abac8:   0000000000001838 00000000eb04f030
0x000000001a4abad8:   000000001a4abad8 0000000014175bda
0x000000001a4abae8:   000000001a4abb30 000000001417a7a0
0x000000001a4abaf8:   0000000000000000 0000000014175be8
0x000000001a4abb08:   000000001a4abac8 000000001a4abb28
0x000000001a4abb18:   000000001a4abb78 0000000002507940
0x000000001a4abb28:   0000000000001838 00000000eb04f030
0x000000001a4abb38:   000000001a4abb38 000000001b1bc7f4
0x000000001a4abb48:   000000001a4abb88 000000001b1bd098
0x000000001a4abb58:   0000000000000000 000000001b1bc7f8
0x000000001a4abb68:   000000001a4abb28 000000001a4abb88
0x000000001a4abb78:   000000001a4abbe0 0000000002507940
0x000000001a4abb88:   00000000eb051948 000000000000009c
0x000000001a4abb98:   00000000eb051c30 000000001a4abba0
0x000000001a4abba8:   000000001b1bb87f 000000001a4abc38 

Instructions: (pc=0xffffffffa3505120)
0xffffffffa3505100:   
[error occurred during error reporting (printing registers, top of stack, instructions near pc), id 0xc0000005]

Register to memory mapping:

RAX={method} {0x0000000014172130} '_get' '(I)B' in 'java/nio/HeapByteBuffer'
RBX={method} {0x0000000014172130} '_get' '(I)B' in 'java/nio/HeapByteBuffer'
RCX=0x00000000eb04f030 is an oop
java.nio.HeapByteBuffer 
 - klass: 'java/nio/HeapByteBuffer'
RDX=0x00000000eb04f030 is an oop
java.nio.HeapByteBuffer 
 - klass: 'java/nio/HeapByteBuffer'
RSP=0x000000001a4abab8 is pointing into the stack for thread: 0x000000001610c000
RBP=0x000000001a4abb18 is pointing into the stack for thread: 0x000000001610c000
RSI=0x00000000000001e9 is an unknown value
RDI=0x0000000000000108 is an unknown value
R8 =0x0000000000001838 is an unknown value
R9 =0x000000001615a260 is an unknown value
R10=0x00000000688c76a0 is an unknown value
R11=0x000000000277f5c0 is at entry_point+32 in (nmethod*)0x000000000277f450
R12=0x0000000000000000 is an unknown value
R13=0x000000001a4abac8 is pointing into the stack for thread: 0x000000001610c000
R14=0x0000000000000000 is an unknown value
R15=0x000000001610c000 is a thread


Stack: [0x000000001a3b0000,0x000000001a4b0000],  sp=0x000000001a4abab8,  free space=1006k
Native frames: (J=compiled Java code, j=interpreted, Vv=VM code, C=native code)
C  0xffffffffa3505120


---------------  P R O C E S S  ---------------

Java Threads: ( => current thread )
  0x000000001610c800 JavaThread "D3D Screen Updater" daemon [_thread_blocked, id=11624, stack(0x000000001ab40000,0x000000001ac40000)]
  0x000000001610e000 JavaThread "DestroyJavaVM" [_thread_blocked, id=9268, stack(0x0000000002270000,0x0000000002370000)]
=>0x000000001610c000 JavaThread "AWT-EventQueue-0" [_thread_in_Java, id=12032, stack(0x000000001a3b0000,0x000000001a4b0000)]
  0x000000001610b000 JavaThread "AWT-Windows" daemon [_thread_in_native, id=3272, stack(0x0000000016600000,0x0000000016700000)]
  0x0000000016112000 JavaThread "AWT-Shutdown" [_thread_blocked, id=1904, stack(0x0000000016500000,0x0000000016600000)]
  0x0000000016111000 JavaThread "Java2D Disposer" daemon [_thread_blocked, id=7020, stack(0x0000000016300000,0x0000000016400000)]
  0x00000000149fe800 JavaThread "Service Thread" daemon [_thread_blocked, id=11188, stack(0x0000000015bc0000,0x0000000015cc0000)]
  0x0000000014993000 JavaThread "C1 CompilerThread1" daemon [_thread_blocked, id=980, stack(0x0000000015ac0000,0x0000000015bc0000)]
  0x000000001498a800 JavaThread "C2 CompilerThread0" daemon [_thread_blocked, id=12584, stack(0x00000000159c0000,0x0000000015ac0000)]
  0x0000000014989000 JavaThread "Attach Listener" daemon [_thread_blocked, id=6916, stack(0x00000000158c0000,0x00000000159c0000)]
  0x0000000014986000 JavaThread "Signal Dispatcher" daemon [_thread_blocked, id=428, stack(0x00000000157c0000,0x00000000158c0000)]
  0x0000000014978800 JavaThread "Finalizer" daemon [_thread_blocked, id=10932, stack(0x00000000155c0000,0x00000000156c0000)]
  0x00000000024ef800 JavaThread "Reference Handler" daemon [_thread_blocked, id=3344, stack(0x00000000154c0000,0x00000000155c0000)]

Other Threads:
  0x0000000014955800 VMThread [stack: 0x00000000153c0000,0x00000000154c0000] [id=2196]
  0x0000000014a0d800 WatcherThread [stack: 0x0000000015cc0000,0x0000000015dc0000] [id=7944]

VM state:not at safepoint (normal execution)

VM Mutex/Monitor currently owned by a thread: None

heap address: 0x00000000c0000000, size: 1024 MB, Compressed Oops mode: 32-bit
Narrow klass base: 0x0000000000000000, Narrow klass shift: 3
Compressed class space size: 1073741824 Address: 0x0000000100000000

Heap:
 PSYoungGen      total 18944K, used 10343K [0x00000000eab00000, 0x00000000ec000000, 0x0000000100000000)
  eden space 16384K, 63% used [0x00000000eab00000,0x00000000eb519ec0,0x00000000ebb00000)
  from space 2560K, 0% used [0x00000000ebd80000,0x00000000ebd80000,0x00000000ec000000)
  to   space 2560K, 0% used [0x00000000ebb00000,0x00000000ebb00000,0x00000000ebd80000)
 ParOldGen       total 44032K, used 0K [0x00000000c0000000, 0x00000000c2b00000, 0x00000000eab00000)
  object space 44032K, 0% used [0x00000000c0000000,0x00000000c0000000,0x00000000c2b00000)
 Metaspace       used 9270K, capacity 9462K, committed 9728K, reserved 1058816K
  class space    used 1134K, capacity 1232K, committed 1280K, reserved 1048576K

Card table byte_map: [0x00000000118c0000,0x0000000011ad0000] byte_map_base: 0x00000000112c0000

Marking Bits: (ParMarkBitMap*) 0x00000000688e5ce0
 Begin Bits: [0x0000000011e30000, 0x0000000012e30000)
 End Bits:   [0x0000000012e30000, 0x0000000013e30000)

Polling page: 0x00000000006c0000

CodeCache: size=245760Kb used=2581Kb max_used=2581Kb free=243178Kb
 bounds [0x0000000002500000, 0x0000000002790000, 0x0000000011500000]
 total_blobs=1095 nmethods=635 adapters=375
 compilation: enabled

Compilation events (10 events):
Event: 0.839 Thread 0x0000000014993000 nmethod 628 0x0000000002783ed0 code [0x0000000002784040, 0x0000000002784398]
Event: 0.839 Thread 0x0000000014993000  629       3       java.nio.Bits::makeShort (12 bytes)
Event: 0.840 Thread 0x0000000014993000 nmethod 629 0x0000000002784490 code [0x00000000027845e0, 0x0000000002784730]
Event: 0.840 Thread 0x0000000014993000  630       3       java.nio.ByteBufferAsShortBufferB::get (16 bytes)
Event: 0.840 Thread 0x0000000014993000 nmethod 630 0x0000000002784790 code [0x0000000002784940, 0x0000000002784f28]
Event: 0.842 Thread 0x0000000014993000  631       1       java.nio.HeapByteBuffer::_get (7 bytes)
Event: 0.842 Thread 0x0000000014993000 nmethod 631 0x0000000002785190 code [0x00000000027852e0, 0x0000000002785410]
Event: 0.842 Thread 0x0000000014993000  634       3       java.nio.ByteBufferAsCharBufferB::get (16 bytes)
Event: 0.843 Thread 0x0000000014993000 nmethod 634 0x00000000027854d0 code [0x0000000002785680, 0x0000000002785c88]
Event: 0.843 Thread 0x0000000014993000  635       3       java.nio.ByteBufferAsCharBufferB::ix (9 bytes)

GC Heap History (0 events):
No events

Deoptimization events (0 events):
No events

Classes redefined (0 events):
No events

Internal exceptions (10 events):
Event: 0.200 Thread 0x0000000002402800 Exception <a 'java/security/PrivilegedActionException'> (0x00000000eac1f2f8) thrown at [C:\re\workspace\8-2-build-windows-amd64-cygwin\jdk8u211\12973\hotspot\src\share\vm\prims\jvm.cpp, line 1502]
Event: 0.200 Thread 0x0000000002402800 Exception <a 'java/security/PrivilegedActionException'> (0x00000000eac1f508) thrown at [C:\re\workspace\8-2-build-windows-amd64-cygwin\jdk8u211\12973\hotspot\src\share\vm\prims\jvm.cpp, line 1502]
Event: 0.201 Thread 0x0000000002402800 Exception <a 'java/security/PrivilegedActionException'> (0x00000000eac23178) thrown at [C:\re\workspace\8-2-build-windows-amd64-cygwin\jdk8u211\12973\hotspot\src\share\vm\prims\jvm.cpp, line 1502]
Event: 0.201 Thread 0x0000000002402800 Exception <a 'java/security/PrivilegedActionException'> (0x00000000eac23388) thrown at [C:\re\workspace\8-2-build-windows-amd64-cygwin\jdk8u211\12973\hotspot\src\share\vm\prims\jvm.cpp, line 1502]
Event: 0.207 Thread 0x0000000002402800 Exception <a 'java/io/FileNotFoundException'> (0x00000000eac255b0) thrown at [C:\re\workspace\8-2-build-windows-amd64-cygwin\jdk8u211\12973\hotspot\src\share\vm\prims\jni.cpp, line 710]
Event: 0.261 Thread 0x0000000002402800 Exception <a 'java/lang/NoSuchFieldError': method resolution failed> (0x00000000eacf5e80) thrown at [C:\re\workspace\8-2-build-windows-amd64-cygwin\jdk8u211\12973\hotspot\src\share\vm\prims\methodHandles.cpp, line 1167]
Event: 0.270 Thread 0x0000000002402800 Exception <a 'java/lang/NoSuchFieldError': method resolution failed> (0x00000000ead03250) thrown at [C:\re\workspace\8-2-build-windows-amd64-cygwin\jdk8u211\12973\hotspot\src\share\vm\prims\methodHandles.cpp, line 1167]
Event: 0.330 Thread 0x0000000002402800 Exception <a 'java/io/FileNotFoundException'> (0x00000000ead9ba48) thrown at [C:\re\workspace\8-2-build-windows-amd64-cygwin\jdk8u211\12973\hotspot\src\share\vm\prims\jni.cpp, line 710]
Event: 0.611 Thread 0x0000000002402800 Exception <a 'java/security/PrivilegedActionException'> (0x00000000eaf9e230) thrown at [C:\re\workspace\8-2-build-windows-amd64-cygwin\jdk8u211\12973\hotspot\src\share\vm\prims\jvm.cpp, line 1502]
Event: 0.611 Thread 0x0000000002402800 Exception <a 'java/security/PrivilegedActionException'> (0x00000000eaf9e440) thrown at [C:\re\workspace\8-2-build-windows-amd64-cygwin\jdk8u211\12973\hotspot\src\share\vm\prims\jvm.cpp, line 1502]

Events (10 events):
Event: 0.841 loading class sun/font/TrueTypeGlyphMapper
Event: 0.841 loading class sun/font/TrueTypeGlyphMapper done
Event: 0.842 loading class sun/font/CMap
Event: 0.842 loading class sun/font/CMap done
Event: 0.842 loading class sun/font/CMap$NullCMapClass
Event: 0.842 loading class sun/font/CMap$NullCMapClass done
Event: 0.842 loading class sun/font/CMap$CMapFormat4
Event: 0.842 loading class sun/font/CMap$CMapFormat4 done
Event: 0.842 loading class java/nio/ByteBufferAsCharBufferB
Event: 0.842 loading class java/nio/ByteBufferAsCharBufferB done


Dynamic libraries:
0x00007ff7a40a0000 - 0x00007ff7a40d7000 	C:\Program Files\Java\jre1.8.0_211\bin\javaw.exe
0x00007ffbc74f0000 - 0x00007ffbc76e5000 	C:\WINDOWS\SYSTEM32\ntdll.dll
0x00007ffbc56e0000 - 0x00007ffbc579d000 	C:\WINDOWS\System32\KERNEL32.DLL
0x00007ffbc4e90000 - 0x00007ffbc5158000 	C:\WINDOWS\System32\KERNELBASE.dll
0x00007ffbc63c0000 - 0x00007ffbc646c000 	C:\WINDOWS\System32\ADVAPI32.dll
0x00007ffbc6470000 - 0x00007ffbc650e000 	C:\WINDOWS\System32\msvcrt.dll
0x00007ffbc6d30000 - 0x00007ffbc6dcb000 	C:\WINDOWS\System32\sechost.dll
0x00007ffbc7240000 - 0x00007ffbc736b000 	C:\WINDOWS\System32\RPCRT4.dll
0x00007ffbc6220000 - 0x00007ffbc63c0000 	C:\WINDOWS\System32\USER32.dll
0x00007ffbc54f0000 - 0x00007ffbc5512000 	C:\WINDOWS\System32\win32u.dll
0x00007ffbc5550000 - 0x00007ffbc557a000 	C:\WINDOWS\System32\GDI32.dll
0x00007ffbc5330000 - 0x00007ffbc543b000 	C:\WINDOWS\System32\gdi32full.dll
0x00007ffbc4c30000 - 0x00007ffbc4ccd000 	C:\WINDOWS\System32\msvcp_win.dll
0x00007ffbc5230000 - 0x00007ffbc5330000 	C:\WINDOWS\System32\ucrtbase.dll
0x00007ffbbbe80000 - 0x00007ffbbc11a000 	C:\WINDOWS\WinSxS\amd64_microsoft.windows.common-controls_6595b64144ccf1df_6.0.19041.844_none_ca00b6081b84eb1d\COMCTL32.dll
0x00007ffbc5d60000 - 0x00007ffbc5d90000 	C:\WINDOWS\System32\IMM32.DLL
0x0000000067ee0000 - 0x0000000067fb2000 	C:\Program Files\Java\jre1.8.0_211\bin\msvcr100.dll
0x00000000680c0000 - 0x0000000068965000 	C:\Program Files\Java\jre1.8.0_211\bin\server\jvm.dll
0x00007ffbc5580000 - 0x00007ffbc5588000 	C:\WINDOWS\System32\PSAPI.DLL
0x00007ffbad670000 - 0x00007ffbad679000 	C:\WINDOWS\SYSTEM32\WSOCK32.dll
0x00007ffbc7370000 - 0x00007ffbc73db000 	C:\WINDOWS\System32\WS2_32.dll
0x00007ffbbc200000 - 0x00007ffbbc227000 	C:\WINDOWS\SYSTEM32\WINMM.dll
0x00007ffbbc140000 - 0x00007ffbbc14a000 	C:\WINDOWS\SYSTEM32\VERSION.dll
0x00007ffbbe8b0000 - 0x00007ffbbe8bf000 	C:\Program Files\Java\jre1.8.0_211\bin\verify.dll
0x00007ffbb95d0000 - 0x00007ffbb95f9000 	C:\Program Files\Java\jre1.8.0_211\bin\java.dll
0x00007ffbb7000000 - 0x00007ffbb7016000 	C:\Program Files\Java\jre1.8.0_211\bin\zip.dll
0x00007ffbc65e0000 - 0x00007ffbc6d22000 	C:\WINDOWS\System32\SHELL32.dll
0x00007ffbc2da0000 - 0x00007ffbc3530000 	C:\WINDOWS\SYSTEM32\windows.storage.dll
0x00007ffbc5d90000 - 0x00007ffbc60e5000 	C:\WINDOWS\System32\combase.dll
0x00007ffbc46a0000 - 0x00007ffbc46cc000 	C:\WINDOWS\SYSTEM32\Wldp.dll
0x00007ffbc5bc0000 - 0x00007ffbc5c6e000 	C:\WINDOWS\System32\SHCORE.dll
0x00007ffbc7450000 - 0x00007ffbc74a5000 	C:\WINDOWS\System32\shlwapi.dll
0x00007ffbc4b70000 - 0x00007ffbc4b8f000 	C:\WINDOWS\SYSTEM32\profapi.dll
0x00007ffb7e820000 - 0x00007ffb7e9b9000 	C:\Program Files\Java\jre1.8.0_211\bin\awt.dll
0x00007ffbc6510000 - 0x00007ffbc65dd000 	C:\WINDOWS\System32\OLEAUT32.dll
0x00007ffbc25b0000 - 0x00007ffbc2640000 	C:\WINDOWS\SYSTEM32\apphelp.dll
0x00007ffbc28b0000 - 0x00007ffbc28df000 	C:\WINDOWS\system32\DWMAPI.DLL
0x00007ffbc26e0000 - 0x00007ffbc277e000 	C:\WINDOWS\system32\uxtheme.dll
0x00007ffb7ddc0000 - 0x00007ffb7dee6000 	C:\WINDOWS\system32\opengl32.dll
0x00007ffbb0dd0000 - 0x00007ffbb0dfc000 	C:\WINDOWS\SYSTEM32\GLU32.dll
0x00007ffbc58f0000 - 0x00007ffbc5a05000 	C:\WINDOWS\System32\MSCTF.dll
0x00007ffbc57a0000 - 0x00007ffbc58ca000 	C:\WINDOWS\System32\ole32.dll
0x00007ffbc2ba0000 - 0x00007ffbc2bb2000 	C:\WINDOWS\SYSTEM32\kernel.appcore.dll
0x00007ffbc51b0000 - 0x00007ffbc5230000 	C:\WINDOWS\System32\bcryptPrimitives.dll
0x00007ffba7610000 - 0x00007ffba77de000 	C:\WINDOWS\system32\d3d9.dll
0x00007ffbb3560000 - 0x00007ffbb36c7000 	C:\WINDOWS\SYSTEM32\aticfx64.dll
0x00007ffb82190000 - 0x00007ffb821b1000 	C:\WINDOWS\SYSTEM32\atiu9p64.dll
0x00007ffb81930000 - 0x00007ffb82189000 	C:\WINDOWS\SYSTEM32\atiumd64.dll
0x0000000068970000 - 0x00000000691f8000 	C:\WINDOWS\SYSTEM32\atiumd6a.dll
0x00007ffbc4220000 - 0x00007ffbc426b000 	C:\WINDOWS\SYSTEM32\POWRPROF.dll
0x00007ffbc4090000 - 0x00007ffbc40a2000 	C:\WINDOWS\SYSTEM32\UMPDC.dll
0x00007ffb9b290000 - 0x00007ffb9b2d9000 	C:\Program Files\Java\jre1.8.0_211\bin\fontmanager.dll
0x00007ffbb57a0000 - 0x00007ffbb5899000 	C:\WINDOWS\SYSTEM32\textinputframework.dll
0x00007ffbc2150000 - 0x00007ffbc24ae000 	C:\WINDOWS\System32\CoreUIComponents.dll
0x00007ffbc24b0000 - 0x00007ffbc25a2000 	C:\WINDOWS\System32\CoreMessaging.dll
0x00007ffbc3970000 - 0x00007ffbc39a3000 	C:\WINDOWS\SYSTEM32\ntmarta.dll
0x00007ffbc1b20000 - 0x00007ffbc1c74000 	C:\WINDOWS\SYSTEM32\wintypes.dll
0x00007ffbb6e40000 - 0x00007ffbb6e5a000 	C:\Program Files\Java\jre1.8.0_211\bin\net.dll
0x00007ffbba970000 - 0x00007ffbbab5e000 	C:\WINDOWS\SYSTEM32\urlmon.dll
0x00007ffbba200000 - 0x00007ffbba4b0000 	C:\WINDOWS\SYSTEM32\iertutil.dll
0x00007ffbc4410000 - 0x00007ffbc447a000 	C:\WINDOWS\system32\mswsock.dll
0x00007ffbb6a20000 - 0x00007ffbb6a32000 	C:\Program Files\Java\jre1.8.0_211\bin\nio.dll
0x00007ffb99420000 - 0x00007ffb99462000 	C:\Program Files\Java\jre1.8.0_211\bin\t2k.dll
0x00007ffbbf290000 - 0x00007ffbbf474000 	C:\WINDOWS\SYSTEM32\dbghelp.dll

VM Arguments:
jvm_args: -Dfile.encoding=Cp1252 
java_command: Main
java_class_path (initial): C:\Program Files\Java\jre1.8.0_211\lib\resources.jar;C:\Program Files\Java\jre1.8.0_211\lib\rt.jar;C:\Program Files\Java\jre1.8.0_211\lib\jsse.jar;C:\Program Files\Java\jre1.8.0_211\lib\jce.jar;C:\Program Files\Java\jre1.8.0_211\lib\charsets.jar;C:\Program Files\Java\jre1.8.0_211\lib\jfr.jar;C:\Program Files\Java\jre1.8.0_211\lib\ext\access-bridge-64.jar;C:\Program Files\Java\jre1.8.0_211\lib\ext\BreezySwing.jar;C:\Program Files\Java\jre1.8.0_211\lib\ext\cldrdata.jar;C:\Program Files\Java\jre1.8.0_211\lib\ext\dnsns.jar;C:\Program Files\Java\jre1.8.0_211\lib\ext\jaccess.jar;C:\Program Files\Java\jre1.8.0_211\lib\ext\jfxrt.jar;C:\Program Files\Java\jre1.8.0_211\lib\ext\localedata.jar;C:\Program Files\Java\jre1.8.0_211\lib\ext\nashorn.jar;C:\Program Files\Java\jre1.8.0_211\lib\ext\sunec.jar;C:\Program Files\Java\jre1.8.0_211\lib\ext\sunjce_provider.jar;C:\Program Files\Java\jre1.8.0_211\lib\ext\sunmscapi.jar;C:\Program Files\Java\jre1.8.0_211\lib\ext\sunpkcs11.jar;C:\Program Files\Java\jre1.8.0_211\lib\ext\zipfs.jar;C:\Users\andrew\Desktop\CS\APSCA Projects\Chess\src;C:\Program Files\Eclipse\eclipse-java-photon-R-win32-x86_64\plugins\org.junit.jupiter.api_5.1.0.v20180327-1502.jar;C:\Program Files\Eclipse\eclipse-java-photon-R-win32-x86_64\plugins\org.junit.jupiter.engine_5.1.0.v20180327-1502.jar;C:\Program Files\Eclipse\eclipse-java-photon-R-win32-x86_64\plugins\org.junit.jupiter.migrationsupport_5.1.0.v20180327-1502.jar;C:\Program Files\Eclipse\eclipse-java-photon-R-win32-x86_64\plugins\org.junit.jupiter.params_5.1.0.v20180327-1502.jar;C:\Program Files\Eclipse\eclipse-java-photon-R-win32-x86_64\plugins\org.junit.platform.commons_1.1.0.v20180327-1502.jar;C:\Program Files\Eclipse\eclipse-java-photon-R-win32-x86_64\plugins\org.junit.platform.engine_1.1.0.v20180327-1502.jar;C:\Program Files\Eclipse\eclipse-java-photon-R-win32-x86_64\plugins\org.junit.platform.launcher_1.1.0.v20180327-1502.jar;C:\Program Files\Eclipse\eclipse-java-photon-R-win3
Launcher Type: SUN_STANDARD

Environment Variables:
PATH=C:/Program Files/Java/jre1.8.0_211/bin/server;C:/Program Files/Java/jre1.8.0_211/bin;C:/Program Files/Java/jre1.8.0_211/lib/amd64;C:\Program Files\Python37\Scripts\;C:\Program Files\Python37\;C:\Program Files (x86)\Common Files\Oracle\Java\javapath;C:\Program Files (x86)\Python37-32\Scripts\;C:\Program Files (x86)\Python37-32\;C:\WINDOWS\system32;C:\WINDOWS;C:\WINDOWS\System32\Wbem;C:\WINDOWS\System32\WindowsPowerShell\v1.0\;C:\WINDOWS\System32\OpenSSH\;C:\Program Files (x86)\ATI Technologies\ATI.ACE\Core-Static;C:\Program Files\Git\cmd;C:\Users\andrew\AppData\Local\Microsoft\WindowsApps;C:\Users\andrew\AppData\Local\Programs\Microsoft VS Code\bin;C:\src\flutter\bin;C:\Program Files\Git\bin\git.exe;C:\Program Files\Git\cmd;;C:\Program Files\Eclipse\eclipse-java-photon-R-win32-x86_64;
USERNAME=andrew
OS=Windows_NT
PROCESSOR_IDENTIFIER=Intel64 Family 6 Model 23 Stepping 10, GenuineIntel



---------------  S Y S T E M  ---------------

OS: Windows 10.0 , 64 bit Build 19041 (10.0.19041.928)

CPU:total 2 (initial active 2) (2 cores per cpu, 1 threads per core) family 6 model 23 stepping 10, cmov, cx8, fxsr, mmx, sse, sse2, sse3, ssse3, sse4.1, tsc

Memory: 4k page, physical 4193516k(353212k free), swap 14022768k(4179304k free)

vm_info: Java HotSpot(TM) 64-Bit Server VM (25.211-b12) for windows-amd64 JRE (1.8.0_211-b12), built on Apr  1 2019 20:53:26 by "java_re" with MS VC++ 10.0 (VS2010)

time: Fri Jun 11 17:35:05 2021
timezone: Eastern Daylight Time
elapsed time: 0 seconds (0d 0h 0m 0s)

